빌드 시작: 2015-12-18 오후 4:18:42
     1>2 노드의 "E:\Users\NB nb\Desktop\김세환\Data\Programming Folder\프레임워크 및 프로젝트\Mine\Base Set\Peanut\SimpleSample_2010.vcxproj" 프로젝트(build 대상)입니다.
     1>InitializeBuildStatus:
         "AlwaysCreate"이(가) 지정되었기 때문에 "Debug\Peanut.unsuccessfulbuild"을(를) 만들고 있습니다.
       ClCompile:
         모든 출력이 최신 상태입니다.
         C:\Program Files (x86)\Microsoft Visual Studio 10.0\VC\bin\CL.exe /c /IDXUT\Core /IDXUT\Optional /ZI /nologo /W4 /WX- /Od /Oi /Oy- /D WIN32 /D _DEBUG /D DEBUG /D PROFILE /D _WINDOWS /D D3DXFX_LARGEADDRESS_HANDLE /D _UNICODE /D UNICODE /Gm- /EHsc /RTC1 /MDd /GS /arch:SSE2 /fp:fast /Zc:wchar_t /Zc:forScope /openmp- /Yu"DXUT.h" /Fp"Debug\Peanut.pch" /Fo"Debug\\" /Fd"Debug\vc100.pdb" /Gd /TP /analyze- /errorReport:prompt cObjMgr.cpp  
         cObjMgr.cpp
     1>e:\users\nb nb\desktop\김세환\data\programming folder\프레임워크 및 프로젝트\mine\base set\peanut\csystemmgr.h(27): warning C4324: 'cSystemMgr' : __declspec(align()) 때문에 구조체가 채워졌습니다.
     1>e:\users\nb nb\desktop\김세환\data\programming folder\프레임워크 및 프로젝트\mine\base set\peanut\cbaseobject.h(6): warning C4099: 'cBaseObject' : 처음에는 'class'을(를) 사용하여 형식 이름을 표시했는데 이제는 'struct'을(를) 사용하여 표시합니다.
                 e:\users\nb nb\desktop\김세환\data\programming folder\프레임워크 및 프로젝트\mine\base set\peanut\cobjmgr.h(6) : 'cBaseObject' 선언을 참조하십시오.
     1>e:\users\nb nb\desktop\김세환\data\programming folder\프레임워크 및 프로젝트\mine\base set\peanut\iobj.h(20): warning C4324: 'IObj' : __declspec(align()) 때문에 구조체가 채워졌습니다.
     1>e:\users\nb nb\desktop\김세환\data\programming folder\프레임워크 및 프로젝트\mine\base set\peanut\iobj.h(24): warning C4324: 'IObj' : __declspec(align()) 때문에 구조체가 채워졌습니다.
     1>e:\users\nb nb\desktop\김세환\data\programming folder\프레임워크 및 프로젝트\mine\base set\peanut\ccharacter.h(28): warning C4481: 비표준 확장이 사용되었습니다. 'override' 지정자를 재정의합니다.
     1>e:\users\nb nb\desktop\김세환\data\programming folder\프레임워크 및 프로젝트\mine\base set\peanut\cplayer.h(45): warning C4481: 비표준 확장이 사용되었습니다. 'override' 지정자를 재정의합니다.
     1>e:\users\nb nb\desktop\김세환\data\programming folder\프레임워크 및 프로젝트\mine\base set\peanut\cmonster.h(26): warning C4481: 비표준 확장이 사용되었습니다. 'override' 지정자를 재정의합니다.
     1>e:\users\nb nb\desktop\김세환\data\programming folder\프레임워크 및 프로젝트\mine\base set\peanut\cmonsterspawn.h(19): warning C4481: 비표준 확장이 사용되었습니다. 'override' 지정자를 재정의합니다.
     1>e:\users\nb nb\desktop\김세환\data\programming folder\프레임워크 및 프로젝트\mine\base set\peanut\cobjmgr.cpp(383): warning C4130: '==' : 문자열 상수의 주소에서 논리 연산을 수행했습니다.
     1>e:\users\nb nb\desktop\김세환\data\programming folder\프레임워크 및 프로젝트\mine\base set\peanut\cobjmgr.cpp(392): warning C4130: '==' : 문자열 상수의 주소에서 논리 연산을 수행했습니다.
     1>e:\users\nb nb\desktop\김세환\data\programming folder\프레임워크 및 프로젝트\mine\base set\peanut\cobjmgr.cpp(399): warning C4130: '==' : 문자열 상수의 주소에서 논리 연산을 수행했습니다.
       ResourceCompile:
         모든 출력이 최신 상태입니다.
       ManifestResourceCompile:
         모든 출력이 최신 상태입니다.
       Link:
         C:\Program Files (x86)\Microsoft Visual Studio 10.0\VC\bin\link.exe /ERRORREPORT:PROMPT /OUT:"E:\Users\NB nb\Desktop\김세환\Data\Programming Folder\프레임워크 및 프로젝트\Mine\Base Set\Peanut\Debug\Peanut.exe" /INCREMENTAL /NOLOGO d3dx10d.lib d3dx9d.lib dxerr.lib dxguid.lib winmm.lib comctl32.lib kernel32.lib user32.lib gdi32.lib winspool.lib comdlg32.lib advapi32.lib shell32.lib ole32.lib oleaut32.lib uuid.lib odbc32.lib odbccp32.lib /MANIFEST /ManifestFile:"Debug\Peanut.exe.intermediate.manifest" /MANIFESTUAC:"level='asInvoker' uiAccess='false'" /DEBUG /PDB:"E:\Users\NB nb\Desktop\김세환\Data\Programming Folder\프레임워크 및 프로젝트\Mine\Base Set\Peanut\Debug\Peanut.pdb" /SUBSYSTEM:WINDOWS /LARGEADDRESSAWARE /TLBID:1 /DYNAMICBASE /NXCOMPAT /IMPLIB:"E:\Users\NB nb\Desktop\김세환\Data\Programming Folder\프레임워크 및 프로젝트\Mine\Base Set\Peanut\Debug\Peanut.lib" /MACHINE:X86 Debug\SimpleSample.res
         Debug\Peanut.exe.embed.manifest.res
         Debug\cAlphaShader.obj
         Debug\cAseFile.obj
         Debug\cAseLoader.obj
         Debug\cBackUI.obj
         Debug\cBacteria.obj
         Debug\cBaseObject.obj
         Debug\cBaseShader.obj
         Debug\cBullet.obj
         Debug\cButton.obj
         Debug\cCamera.obj
         Debug\cCancer.obj
         Debug\cCharacter.obj
         Debug\cEffect.obj
         Debug\cEnemyBullet.obj
         Debug\cFade.obj
         Debug\cGaugeUI.obj
         Debug\cGeomNode.obj
         Debug\cGround.obj
         Debug\cGroundSpawn.obj
         Debug\cHomeScene.obj
         Debug\cImageFile.obj
         Debug\cIntroScene.obj
         Debug\cItem.obj
         Debug\cMonster.obj
         Debug\cMonsterSpawn.obj
         Debug\cObjMgr.obj
         Debug\cPlayer.obj
         Debug\cPlayScene.obj
         Debug\cPostMgr.obj
         Debug\cRedCell.obj
         Debug\cResourceFile.obj
         Debug\cResourceMgr.obj
         Debug\cScene.obj
         Debug\cSceneMgr.obj
         Debug\cSmooth.obj
         Debug\cSubPlayer.obj
         Debug\cSystemMgr.obj
         Debug\cMain.obj
         Debug\cTexBuf.obj
         Debug\cTextureFile.obj
         Debug\cTimer.obj
         Debug\cToonShader.obj
         Debug\cUI.obj
         Debug\cVirus.obj
         Debug\cWhiteCell.obj
         Debug\DXUT.obj
         Debug\DXUTenum.obj
         Debug\DXUTmisc.obj
         Debug\DXUTcamera.obj
         Debug\DXUTgui.obj
         Debug\DXUTres.obj
         Debug\DXUTsettingsdlg.obj
         Debug\SDKmesh.obj
         Debug\SDKmisc.obj
         Debug\IObj.obj
         Debug\Peanut.obj  
       Manifest:
         C:\Program Files (x86)\Microsoft SDKs\Windows\v7.0A\bin\mt.exe /nologo /verbose /out:"Debug\Peanut.exe.embed.manifest" /manifest Debug\Peanut.exe.intermediate.manifest "C:\Program Files (x86)\Microsoft Visual Studio 10.0\VC\Include\Manifest\dpiaware.manifest"
         모든 출력이 최신 상태입니다.
       LinkEmbedManifest:
         모든 출력이 최신 상태입니다.
         SimpleSample_2010.vcxproj -> E:\Users\NB nb\Desktop\김세환\Data\Programming Folder\프레임워크 및 프로젝트\Mine\Base Set\Peanut\Debug\Peanut.exe
       FinalizeBuildStatus:
         "Debug\Peanut.unsuccessfulbuild" 파일을 삭제하고 있습니다.
         "Debug\Peanut.lastbuildstate"에 연결(touching)하고 있습니다.
     1>"E:\Users\NB nb\Desktop\김세환\Data\Programming Folder\프레임워크 및 프로젝트\Mine\Base Set\Peanut\SimpleSample_2010.vcxproj" 프로젝트를 빌드했습니다(build 대상).

빌드했습니다.

경과 시간: 00:00:00.95
